mode: atomic
github.com/melkomukovki/go-or-die/inventory/internal/api/inventory/v1/api.go:11.43,13.2 1 0
github.com/melkomukovki/go-or-die/inventory/internal/api/inventory/v1/get.go:16.115,19.16 3 0
github.com/melkomukovki/go-or-die/inventory/internal/api/inventory/v1/get.go:19.16,20.10 1 0
github.com/melkomukovki/go-or-die/inventory/internal/api/inventory/v1/get.go:21.44,22.105 1 0
github.com/melkomukovki/go-or-die/inventory/internal/api/inventory/v1/get.go:23.45,24.102 1 0
github.com/melkomukovki/go-or-die/inventory/internal/api/inventory/v1/get.go:25.11,27.96 2 0
github.com/melkomukovki/go-or-die/inventory/internal/api/inventory/v1/get.go:31.2,33.8 1 0
github.com/melkomukovki/go-or-die/inventory/internal/api/inventory/v1/list.go:17.121,24.16 3 0
github.com/melkomukovki/go-or-die/inventory/internal/api/inventory/v1/list.go:24.16,25.10 1 0
github.com/melkomukovki/go-or-die/inventory/internal/api/inventory/v1/list.go:26.44,27.90 1 0
github.com/melkomukovki/go-or-die/inventory/internal/api/inventory/v1/list.go:28.45,29.81 1 0
github.com/melkomukovki/go-or-die/inventory/internal/api/inventory/v1/list.go:30.11,32.96 2 0
github.com/melkomukovki/go-or-die/inventory/internal/api/inventory/v1/list.go:36.2,37.29 2 0
github.com/melkomukovki/go-or-die/inventory/internal/api/inventory/v1/list.go:37.29,39.3 1 0
github.com/melkomukovki/go-or-die/inventory/internal/api/inventory/v1/list.go:40.2,40.63 1 0
github.com/melkomukovki/go-or-die/inventory/internal/api/inventory/v1/api.go:11.43,13.2 1 0
github.com/melkomukovki/go-or-die/inventory/internal/api/inventory/v1/get.go:16.115,19.16 3 0
github.com/melkomukovki/go-or-die/inventory/internal/api/inventory/v1/get.go:19.16,20.10 1 0
github.com/melkomukovki/go-or-die/inventory/internal/api/inventory/v1/get.go:21.44,22.105 1 0
github.com/melkomukovki/go-or-die/inventory/internal/api/inventory/v1/get.go:23.45,24.102 1 0
github.com/melkomukovki/go-or-die/inventory/internal/api/inventory/v1/get.go:25.11,27.96 2 0
github.com/melkomukovki/go-or-die/inventory/internal/api/inventory/v1/get.go:31.2,33.8 1 0
github.com/melkomukovki/go-or-die/inventory/internal/api/inventory/v1/list.go:17.121,24.16 3 0
github.com/melkomukovki/go-or-die/inventory/internal/api/inventory/v1/list.go:24.16,25.10 1 0
github.com/melkomukovki/go-or-die/inventory/internal/api/inventory/v1/list.go:26.44,27.90 1 0
github.com/melkomukovki/go-or-die/inventory/internal/api/inventory/v1/list.go:28.45,29.81 1 0
github.com/melkomukovki/go-or-die/inventory/internal/api/inventory/v1/list.go:30.11,32.96 2 0
github.com/melkomukovki/go-or-die/inventory/internal/api/inventory/v1/list.go:36.2,37.29 2 0
github.com/melkomukovki/go-or-die/inventory/internal/api/inventory/v1/list.go:37.29,39.3 1 0
github.com/melkomukovki/go-or-die/inventory/internal/api/inventory/v1/list.go:40.2,40.63 1 0
github.com/melkomukovki/go-or-die/inventory/internal/service/part/get.go:12.75,14.16 2 3
github.com/melkomukovki/go-or-die/inventory/internal/service/part/get.go:14.16,16.3 1 1
github.com/melkomukovki/go-or-die/inventory/internal/service/part/get.go:17.2,17.32 1 2
github.com/melkomukovki/go-or-die/inventory/internal/service/part/list.go:12.92,13.28 1 4
github.com/melkomukovki/go-or-die/inventory/internal/service/part/list.go:13.28,14.35 1 3
github.com/melkomukovki/go-or-die/inventory/internal/service/part/list.go:14.35,15.44 1 5
github.com/melkomukovki/go-or-die/inventory/internal/service/part/list.go:15.44,17.5 1 1
github.com/melkomukovki/go-or-die/inventory/internal/service/part/list.go:20.2,20.37 1 3
github.com/melkomukovki/go-or-die/inventory/internal/service/part/service.go:7.51,11.2 1 7
