mode: atomic
github.com/melkomukovki/go-or-die/order/internal/api/order/v1/api.go:7.45,9.2 1 0
github.com/melkomukovki/go-or-die/order/internal/api/order/v1/cancel.go:13.114,15.16 2 0
github.com/melkomukovki/go-or-die/order/internal/api/order/v1/cancel.go:15.16,16.10 1 0
github.com/melkomukovki/go-or-die/order/internal/api/order/v1/cancel.go:17.46,21.10 1 0
github.com/melkomukovki/go-or-die/order/internal/api/order/v1/cancel.go:22.60,26.10 1 0
github.com/melkomukovki/go-or-die/order/internal/api/order/v1/cancel.go:27.11,32.10 2 0
github.com/melkomukovki/go-or-die/order/internal/api/order/v1/cancel.go:36.2,36.44 1 0
github.com/melkomukovki/go-or-die/order/internal/api/order/v1/create.go:14.113,17.16 3 0
github.com/melkomukovki/go-or-die/order/internal/api/order/v1/create.go:17.16,18.10 1 0
github.com/melkomukovki/go-or-die/order/internal/api/order/v1/create.go:19.44,23.10 1 0
github.com/melkomukovki/go-or-die/order/internal/api/order/v1/create.go:24.45,28.10 1 0
github.com/melkomukovki/go-or-die/order/internal/api/order/v1/create.go:29.43,33.10 1 0
github.com/melkomukovki/go-or-die/order/internal/api/order/v1/create.go:34.11,39.10 2 0
github.com/melkomukovki/go-or-die/order/internal/api/order/v1/create.go:43.2,46.8 1 0
github.com/melkomukovki/go-or-die/order/internal/api/order/v1/get.go:14.105,16.16 2 0
github.com/melkomukovki/go-or-die/order/internal/api/order/v1/get.go:16.16,17.10 1 0
github.com/melkomukovki/go-or-die/order/internal/api/order/v1/get.go:18.46,22.10 1 0
github.com/melkomukovki/go-or-die/order/internal/api/order/v1/get.go:23.11,28.10 2 0
github.com/melkomukovki/go-or-die/order/internal/api/order/v1/get.go:32.2,32.40 1 0
github.com/melkomukovki/go-or-die/order/internal/api/order/v1/pay.go:14.134,16.16 2 0
github.com/melkomukovki/go-or-die/order/internal/api/order/v1/pay.go:16.16,17.10 1 0
github.com/melkomukovki/go-or-die/order/internal/api/order/v1/pay.go:18.104,22.10 1 0
github.com/melkomukovki/go-or-die/order/internal/api/order/v1/pay.go:23.46,27.10 1 0
github.com/melkomukovki/go-or-die/order/internal/api/order/v1/pay.go:28.44,32.10 1 0
github.com/melkomukovki/go-or-die/order/internal/api/order/v1/pay.go:33.11,38.10 2 0
github.com/melkomukovki/go-or-die/order/internal/api/order/v1/pay.go:42.2,44.8 1 0
github.com/melkomukovki/go-or-die/order/internal/api/order/v1/dto/order.go:10.53,12.29 2 0
github.com/melkomukovki/go-or-die/order/internal/api/order/v1/dto/order.go:12.29,14.3 1 0
github.com/melkomukovki/go-or-die/order/internal/api/order/v1/dto/order.go:16.2,17.29 2 0
github.com/melkomukovki/go-or-die/order/internal/api/order/v1/dto/order.go:17.29,19.3 1 0
github.com/melkomukovki/go-or-die/order/internal/api/order/v1/dto/order.go:21.2,22.34 2 0
github.com/melkomukovki/go-or-die/order/internal/api/order/v1/dto/order.go:22.34,24.3 1 0
github.com/melkomukovki/go-or-die/order/internal/api/order/v1/dto/order.go:26.2,27.32 2 0
github.com/melkomukovki/go-or-die/order/internal/api/order/v1/dto/order.go:27.32,29.3 1 0
github.com/melkomukovki/go-or-die/order/internal/api/order/v1/dto/order.go:31.2,42.3 1 0
github.com/melkomukovki/go-or-die/order/internal/api/order/v1/dto/order.go:45.79,47.60 2 0
github.com/melkomukovki/go-or-die/order/internal/api/order/v1/dto/order.go:47.60,49.3 1 0
github.com/melkomukovki/go-or-die/order/internal/api/order/v1/dto/order.go:51.2,52.60 2 0
github.com/melkomukovki/go-or-die/order/internal/api/order/v1/dto/order.go:52.60,54.3 1 0
github.com/melkomukovki/go-or-die/order/internal/api/order/v1/dto/order.go:56.2,61.3 1 0
github.com/melkomukovki/go-or-die/order/internal/service/order/cancel.go:12.67,14.16 2 3
github.com/melkomukovki/go-or-die/order/internal/service/order/cancel.go:14.16,16.3 1 1
github.com/melkomukovki/go-or-die/order/internal/service/order/cancel.go:18.2,18.53 1 2
github.com/melkomukovki/go-or-die/order/internal/service/order/cancel.go:18.53,20.3 1 1
github.com/melkomukovki/go-or-die/order/internal/service/order/cancel.go:22.2,23.39 2 1
github.com/melkomukovki/go-or-die/order/internal/service/order/create.go:13.98,15.27 2 4
github.com/melkomukovki/go-or-die/order/internal/service/order/create.go:15.27,17.3 1 1
github.com/melkomukovki/go-or-die/order/internal/service/order/create.go:18.2,18.27 1 4
github.com/melkomukovki/go-or-die/order/internal/service/order/create.go:18.27,20.3 1 0
github.com/melkomukovki/go-or-die/order/internal/service/order/create.go:22.2,26.16 4 4
github.com/melkomukovki/go-or-die/order/internal/service/order/create.go:26.16,28.3 1 1
github.com/melkomukovki/go-or-die/order/internal/service/order/create.go:30.2,31.29 2 3
github.com/melkomukovki/go-or-die/order/internal/service/order/create.go:31.29,32.30 1 6
github.com/melkomukovki/go-or-die/order/internal/service/order/create.go:32.30,34.4 1 1
github.com/melkomukovki/go-or-die/order/internal/service/order/create.go:35.3,35.27 1 5
github.com/melkomukovki/go-or-die/order/internal/service/order/create.go:38.2,52.16 4 2
github.com/melkomukovki/go-or-die/order/internal/service/order/create.go:52.16,54.3 1 1
github.com/melkomukovki/go-or-die/order/internal/service/order/create.go:56.2,56.19 1 1
github.com/melkomukovki/go-or-die/order/internal/service/order/get.go:11.79,13.2 1 2
github.com/melkomukovki/go-or-die/order/internal/service/order/pay.go:13.105,15.16 2 4
github.com/melkomukovki/go-or-die/order/internal/service/order/pay.go:15.16,17.3 1 0
github.com/melkomukovki/go-or-die/order/internal/service/order/pay.go:19.2,19.53 1 4
github.com/melkomukovki/go-or-die/order/internal/service/order/pay.go:19.53,21.3 1 1
github.com/melkomukovki/go-or-die/order/internal/service/order/pay.go:23.2,27.16 4 3
github.com/melkomukovki/go-or-die/order/internal/service/order/pay.go:27.16,29.3 1 1
github.com/melkomukovki/go-or-die/order/internal/service/order/pay.go:31.2,36.16 5 2
github.com/melkomukovki/go-or-die/order/internal/service/order/pay.go:36.16,38.3 1 1
github.com/melkomukovki/go-or-die/order/internal/service/order/pay.go:40.2,40.17 1 1
github.com/melkomukovki/go-or-die/order/internal/service/order/service.go:9.115,15.2 1 13
github.com/melkomukovki/go-or-die/order/internal/api/order/v1/api.go:7.45,9.2 1 17
github.com/melkomukovki/go-or-die/order/internal/api/order/v1/cancel.go:13.114,15.16 2 4
github.com/melkomukovki/go-or-die/order/internal/api/order/v1/cancel.go:15.16,16.10 1 3
github.com/melkomukovki/go-or-die/order/internal/api/order/v1/cancel.go:17.46,21.10 1 1
github.com/melkomukovki/go-or-die/order/internal/api/order/v1/cancel.go:22.60,26.10 1 1
github.com/melkomukovki/go-or-die/order/internal/api/order/v1/cancel.go:27.11,32.10 2 1
github.com/melkomukovki/go-or-die/order/internal/api/order/v1/cancel.go:36.2,36.44 1 1
github.com/melkomukovki/go-or-die/order/internal/api/order/v1/create.go:14.113,17.16 3 5
github.com/melkomukovki/go-or-die/order/internal/api/order/v1/create.go:17.16,18.10 1 4
github.com/melkomukovki/go-or-die/order/internal/api/order/v1/create.go:19.44,23.10 1 1
github.com/melkomukovki/go-or-die/order/internal/api/order/v1/create.go:24.45,28.10 1 1
github.com/melkomukovki/go-or-die/order/internal/api/order/v1/create.go:29.43,33.10 1 1
github.com/melkomukovki/go-or-die/order/internal/api/order/v1/create.go:34.11,39.10 2 1
github.com/melkomukovki/go-or-die/order/internal/api/order/v1/create.go:43.2,46.8 1 1
github.com/melkomukovki/go-or-die/order/internal/api/order/v1/get.go:14.105,16.16 2 3
github.com/melkomukovki/go-or-die/order/internal/api/order/v1/get.go:16.16,17.10 1 2
github.com/melkomukovki/go-or-die/order/internal/api/order/v1/get.go:18.46,22.10 1 1
github.com/melkomukovki/go-or-die/order/internal/api/order/v1/get.go:23.11,28.10 2 1
github.com/melkomukovki/go-or-die/order/internal/api/order/v1/get.go:32.2,32.40 1 1
github.com/melkomukovki/go-or-die/order/internal/api/order/v1/pay.go:14.134,16.16 2 5
github.com/melkomukovki/go-or-die/order/internal/api/order/v1/pay.go:16.16,17.10 1 4
github.com/melkomukovki/go-or-die/order/internal/api/order/v1/pay.go:18.104,22.10 1 1
github.com/melkomukovki/go-or-die/order/internal/api/order/v1/pay.go:23.46,27.10 1 1
github.com/melkomukovki/go-or-die/order/internal/api/order/v1/pay.go:28.44,32.10 1 1
github.com/melkomukovki/go-or-die/order/internal/api/order/v1/pay.go:33.11,38.10 2 1
github.com/melkomukovki/go-or-die/order/internal/api/order/v1/pay.go:42.2,44.8 1 1
github.com/melkomukovki/go-or-die/order/internal/api/order/v1/dto/order.go:10.53,12.29 2 1
github.com/melkomukovki/go-or-die/order/internal/api/order/v1/dto/order.go:12.29,14.3 1 0
github.com/melkomukovki/go-or-die/order/internal/api/order/v1/dto/order.go:16.2,17.29 2 1
github.com/melkomukovki/go-or-die/order/internal/api/order/v1/dto/order.go:17.29,19.3 1 0
github.com/melkomukovki/go-or-die/order/internal/api/order/v1/dto/order.go:21.2,22.34 2 1
github.com/melkomukovki/go-or-die/order/internal/api/order/v1/dto/order.go:22.34,24.3 1 0
github.com/melkomukovki/go-or-die/order/internal/api/order/v1/dto/order.go:26.2,27.32 2 1
github.com/melkomukovki/go-or-die/order/internal/api/order/v1/dto/order.go:27.32,29.3 1 0
github.com/melkomukovki/go-or-die/order/internal/api/order/v1/dto/order.go:31.2,42.3 1 1
github.com/melkomukovki/go-or-die/order/internal/api/order/v1/dto/order.go:45.79,47.60 2 5
github.com/melkomukovki/go-or-die/order/internal/api/order/v1/dto/order.go:47.60,49.3 1 0
github.com/melkomukovki/go-or-die/order/internal/api/order/v1/dto/order.go:51.2,52.60 2 5
github.com/melkomukovki/go-or-die/order/internal/api/order/v1/dto/order.go:52.60,54.3 1 0
github.com/melkomukovki/go-or-die/order/internal/api/order/v1/dto/order.go:56.2,61.3 1 5
github.com/melkomukovki/go-or-die/order/internal/service/order/cancel.go:12.67,14.16 2 0
github.com/melkomukovki/go-or-die/order/internal/service/order/cancel.go:14.16,16.3 1 0
github.com/melkomukovki/go-or-die/order/internal/service/order/cancel.go:18.2,18.53 1 0
github.com/melkomukovki/go-or-die/order/internal/service/order/cancel.go:18.53,20.3 1 0
github.com/melkomukovki/go-or-die/order/internal/service/order/cancel.go:22.2,23.39 2 0
github.com/melkomukovki/go-or-die/order/internal/service/order/create.go:13.98,15.27 2 0
github.com/melkomukovki/go-or-die/order/internal/service/order/create.go:15.27,17.3 1 0
github.com/melkomukovki/go-or-die/order/internal/service/order/create.go:18.2,18.27 1 0
github.com/melkomukovki/go-or-die/order/internal/service/order/create.go:18.27,20.3 1 0
github.com/melkomukovki/go-or-die/order/internal/service/order/create.go:22.2,26.16 4 0
github.com/melkomukovki/go-or-die/order/internal/service/order/create.go:26.16,28.3 1 0
github.com/melkomukovki/go-or-die/order/internal/service/order/create.go:30.2,31.29 2 0
github.com/melkomukovki/go-or-die/order/internal/service/order/create.go:31.29,32.30 1 0
github.com/melkomukovki/go-or-die/order/internal/service/order/create.go:32.30,34.4 1 0
github.com/melkomukovki/go-or-die/order/internal/service/order/create.go:35.3,35.27 1 0
github.com/melkomukovki/go-or-die/order/internal/service/order/create.go:38.2,52.16 4 0
github.com/melkomukovki/go-or-die/order/internal/service/order/create.go:52.16,54.3 1 0
github.com/melkomukovki/go-or-die/order/internal/service/order/create.go:56.2,56.19 1 0
github.com/melkomukovki/go-or-die/order/internal/service/order/get.go:11.79,13.2 1 0
github.com/melkomukovki/go-or-die/order/internal/service/order/pay.go:13.105,15.16 2 0
github.com/melkomukovki/go-or-die/order/internal/service/order/pay.go:15.16,17.3 1 0
github.com/melkomukovki/go-or-die/order/internal/service/order/pay.go:19.2,19.53 1 0
github.com/melkomukovki/go-or-die/order/internal/service/order/pay.go:19.53,21.3 1 0
github.com/melkomukovki/go-or-die/order/internal/service/order/pay.go:23.2,27.16 4 0
github.com/melkomukovki/go-or-die/order/internal/service/order/pay.go:27.16,29.3 1 0
github.com/melkomukovki/go-or-die/order/internal/service/order/pay.go:31.2,36.16 5 0
github.com/melkomukovki/go-or-die/order/internal/service/order/pay.go:36.16,38.3 1 0
github.com/melkomukovki/go-or-die/order/internal/service/order/pay.go:40.2,40.17 1 0
github.com/melkomukovki/go-or-die/order/internal/service/order/service.go:9.115,15.2 1 0
github.com/melkomukovki/go-or-die/order/internal/api/order/v1/dto/order.go:10.53,12.29 2 0
github.com/melkomukovki/go-or-die/order/internal/api/order/v1/dto/order.go:12.29,14.3 1 0
github.com/melkomukovki/go-or-die/order/internal/api/order/v1/dto/order.go:16.2,17.29 2 0
github.com/melkomukovki/go-or-die/order/internal/api/order/v1/dto/order.go:17.29,19.3 1 0
github.com/melkomukovki/go-or-die/order/internal/api/order/v1/dto/order.go:21.2,22.34 2 0
github.com/melkomukovki/go-or-die/order/internal/api/order/v1/dto/order.go:22.34,24.3 1 0
github.com/melkomukovki/go-or-die/order/internal/api/order/v1/dto/order.go:26.2,27.32 2 0
github.com/melkomukovki/go-or-die/order/internal/api/order/v1/dto/order.go:27.32,29.3 1 0
github.com/melkomukovki/go-or-die/order/internal/api/order/v1/dto/order.go:31.2,42.3 1 0
github.com/melkomukovki/go-or-die/order/internal/api/order/v1/dto/order.go:45.79,47.60 2 0
github.com/melkomukovki/go-or-die/order/internal/api/order/v1/dto/order.go:47.60,49.3 1 0
github.com/melkomukovki/go-or-die/order/internal/api/order/v1/dto/order.go:51.2,52.60 2 0
github.com/melkomukovki/go-or-die/order/internal/api/order/v1/dto/order.go:52.60,54.3 1 0
github.com/melkomukovki/go-or-die/order/internal/api/order/v1/dto/order.go:56.2,61.3 1 0
