mode: atomic
github.com/melkomukovki/go-or-die/payment/internal/service/payment/pay.go:13.82,14.25 1 0
github.com/melkomukovki/go-or-die/payment/internal/service/payment/pay.go:14.25,16.3 1 0
github.com/melkomukovki/go-or-die/payment/internal/service/payment/pay.go:17.2,17.53 1 0
github.com/melkomukovki/go-or-die/payment/internal/service/payment/pay.go:17.53,19.3 1 0
github.com/melkomukovki/go-or-die/payment/internal/service/payment/pay.go:21.2,21.34 1 0
github.com/melkomukovki/go-or-die/payment/internal/service/payment/pay.go:21.34,23.3 1 0
github.com/melkomukovki/go-or-die/payment/internal/service/payment/pay.go:25.2,32.29 3 0
github.com/melkomukovki/go-or-die/payment/internal/service/payment/service.go:5.28,7.2 1 0
github.com/melkomukovki/go-or-die/payment/internal/api/payment/v1/api.go:11.49,15.2 1 3
github.com/melkomukovki/go-or-die/payment/internal/api/payment/v1/pay.go:13.114,17.16 3 3
github.com/melkomukovki/go-or-die/payment/internal/api/payment/v1/pay.go:17.16,19.3 1 1
github.com/melkomukovki/go-or-die/payment/internal/api/payment/v1/pay.go:21.2,21.75 1 2
github.com/melkomukovki/go-or-die/payment/internal/service/payment/pay.go:13.82,14.25 1 0
github.com/melkomukovki/go-or-die/payment/internal/service/payment/pay.go:14.25,16.3 1 0
github.com/melkomukovki/go-or-die/payment/internal/service/payment/pay.go:17.2,17.53 1 0
github.com/melkomukovki/go-or-die/payment/internal/service/payment/pay.go:17.53,19.3 1 0
github.com/melkomukovki/go-or-die/payment/internal/service/payment/pay.go:21.2,21.34 1 0
github.com/melkomukovki/go-or-die/payment/internal/service/payment/pay.go:21.34,23.3 1 0
github.com/melkomukovki/go-or-die/payment/internal/service/payment/pay.go:25.2,32.29 3 0
github.com/melkomukovki/go-or-die/payment/internal/service/payment/service.go:5.28,7.2 1 0
